<?xml version="1.0" encoding="UTF-8"?>
<testsuite name="Scenario: creation is successful with valid username and password" tests="4" skipped="0" failures="0" errors="0" timestamp="2017-11-16T13:28:44" hostname="Eski-PC" time="0.002">
  <properties/>
  <testcase name="Given command new user is selected" classname="Scenario: creation is successful with valid username and password" time="0.0"/>
  <testcase name="When username &quot;teppo&quot; and password &quot;penapena3&quot; are entered" classname="Scenario: creation is successful with valid username and password" time="0.0"/>
  <testcase name="Then system will respond with &quot;new user registered&quot;" classname="Scenario: creation is successful with valid username and password" time="0.001"/>
  <testcase name="classMethod" classname="Scenario: creation is successful with valid username and password" time="0.002"/>
  <system-out><![CDATA[]]></system-out>
  <system-err><![CDATA[]]></system-err>
</testsuite>
